06-Nov-2023 12:55:32.883 INFO [main] org.apache.catalina.core.ApplicationContext.log 1 Spring WebApplicationInitializers detected on classpath
06-Nov-2023 12:55:32.921 INFO [main] org.apache.catalina.core.ApplicationContext.log Initializing Spring root WebApplicationContext
06-Nov-2023 12:55:35.645 INFO [main] org.apache.catalina.core.ApplicationContext.log Initializing Spring DispatcherServlet 'spring-mvc'
06-Nov-2023 12:56:26.463 SEVERE [http-nio-8080-exec-4] org.apache.catalina.core.StandardWrapperValve.invoke Servlet.service() for servlet [spring-mvc] in context with path [/ASM2] threw exception [Request processing failed; nested exception is org.springframework.web.multipart.MultipartException: Current request is not a multipart request] with root cause
	org.springframework.web.multipart.MultipartException: Current request is not a multipart request
		at org.springframework.web.method.annotation.RequestParamMethodArgumentResolver.handleMissingValueInternal(RequestParamMethodArgumentResolver.java:210)
		at org.springframework.web.method.annotation.RequestParamMethodArgumentResolver.handleMissingValue(RequestParamMethodArgumentResolver.java:193)
		at org.springframework.web.method.annotation.AbstractNamedValueMethodArgumentResolver.resolveArgument(AbstractNamedValueMethodArgumentResolver.java:114)
		at org.springframework.web.method.support.HandlerMethodArgumentResolverComposite.resolveArgument(HandlerMethodArgumentResolverComposite.java:122)
		at org.springframework.web.method.support.InvocableHandlerMethod.getMethodArgumentValues(InvocableHandlerMethod.java:179)
		at org.springframework.web.method.support.InvocableHandlerMethod.invokeForRequest(InvocableHandlerMethod.java:146)
		at org.springframework.web.servlet.mvc.method.annotation.ServletInvocableHandlerMethod.invokeAndHandle(ServletInvocableHandlerMethod.java:117)
		at org.springframework.web.servlet.mvc.method.annotation.RequestMappingHandlerAdapter.invokeHandlerMethod(RequestMappingHandlerAdapter.java:895)
		at org.springframework.web.servlet.mvc.method.annotation.RequestMappingHandlerAdapter.handleInternal(RequestMappingHandlerAdapter.java:808)
		at org.springframework.web.servlet.mvc.method.AbstractHandlerMethodAdapter.handle(AbstractHandlerMethodAdapter.java:87)
		at org.springframework.web.servlet.DispatcherServlet.doDispatch(DispatcherServlet.java:1072)
		at org.springframework.web.servlet.DispatcherServlet.doService(DispatcherServlet.java:965)
		at org.springframework.web.servlet.FrameworkServlet.processRequest(FrameworkServlet.java:1006)
		at org.springframework.web.servlet.FrameworkServlet.doPost(FrameworkServlet.java:909)
		at javax.servlet.http.HttpServlet.service(HttpServlet.java:555)
		at org.springframework.web.servlet.FrameworkServlet.service(FrameworkServlet.java:883)
		at javax.servlet.http.HttpServlet.service(HttpServlet.java:623)
		at org.apache.catalina.core.ApplicationFilterChain.internalDoFilter(ApplicationFilterChain.java:209)
		at org.apache.catalina.core.ApplicationFilterChain.doFilter(ApplicationFilterChain.java:153)
		at org.springframework.web.filter.CharacterEncodingFilter.doFilterInternal(CharacterEncodingFilter.java:201)
		at org.springframework.web.filter.OncePerRequestFilter.doFilter(OncePerRequestFilter.java:117)
		at org.apache.catalina.core.ApplicationFilterChain.internalDoFilter(ApplicationFilterChain.java:178)
		at org.apache.catalina.core.ApplicationFilterChain.doFilter(ApplicationFilterChain.java:153)
		at org.apache.tomcat.websocket.server.WsFilter.doFilter(WsFilter.java:51)
		at org.apache.catalina.core.ApplicationFilterChain.internalDoFilter(ApplicationFilterChain.java:178)
		at org.apache.catalina.core.ApplicationFilterChain.doFilter(ApplicationFilterChain.java:153)
		at org.apache.catalina.core.StandardWrapperValve.invoke(StandardWrapperValve.java:167)
		at org.apache.catalina.core.StandardContextValve.invoke(StandardContextValve.java:90)
		at org.apache.catalina.authenticator.AuthenticatorBase.invoke(AuthenticatorBase.java:481)
		at org.apache.catalina.core.StandardHostValve.invoke(StandardHostValve.java:130)
		at org.apache.catalina.valves.ErrorReportValve.invoke(ErrorReportValve.java:93)
		at org.apache.catalina.valves.AbstractAccessLogValve.invoke(AbstractAccessLogValve.java:673)
		at org.apache.catalina.core.StandardEngineValve.invoke(StandardEngineValve.java:74)
		at org.apache.catalina.connector.CoyoteAdapter.service(CoyoteAdapter.java:343)
		at org.apache.coyote.http11.Http11Processor.service(Http11Processor.java:390)
		at org.apache.coyote.AbstractProcessorLight.process(AbstractProcessorLight.java:63)
		at org.apache.coyote.AbstractProtocol$ConnectionHandler.process(AbstractProtocol.java:926)
		at org.apache.tomcat.util.net.NioEndpoint$SocketProcessor.doRun(NioEndpoint.java:1790)
		at org.apache.tomcat.util.net.SocketProcessorBase.run(SocketProcessorBase.java:52)
		at org.apache.tomcat.util.threads.ThreadPoolExecutor.runWorker(ThreadPoolExecutor.java:1191)
		at org.apache.tomcat.util.threads.ThreadPoolExecutor$Worker.run(ThreadPoolExecutor.java:659)
		at org.apache.tomcat.util.threads.TaskThread$WrappingRunnable.run(TaskThread.java:61)
		at java.base/java.lang.Thread.run(Thread.java:833)
06-Nov-2023 12:56:54.250 INFO [Thread-5] org.apache.catalina.core.ApplicationContext.log Destroying Spring FrameworkServlet 'spring-mvc'
06-Nov-2023 12:56:54.251 INFO [Thread-5] org.apache.catalina.core.ApplicationContext.log Closing Spring root WebApplicationContext
06-Nov-2023 13:01:20.931 INFO [main] org.apache.catalina.core.ApplicationContext.log 1 Spring WebApplicationInitializers detected on classpath
06-Nov-2023 13:01:20.970 INFO [main] org.apache.catalina.core.ApplicationContext.log Initializing Spring root WebApplicationContext
06-Nov-2023 13:01:23.585 INFO [main] org.apache.catalina.core.ApplicationContext.log Initializing Spring DispatcherServlet 'spring-mvc'
06-Nov-2023 13:01:43.317 INFO [Thread-5] org.apache.catalina.core.ApplicationContext.log Destroying Spring FrameworkServlet 'spring-mvc'
06-Nov-2023 13:01:43.318 INFO [Thread-5] org.apache.catalina.core.ApplicationContext.log Closing Spring root WebApplicationContext
06-Nov-2023 13:07:31.088 INFO [main] org.apache.catalina.core.ApplicationContext.log 1 Spring WebApplicationInitializers detected on classpath
06-Nov-2023 13:07:31.125 INFO [main] org.apache.catalina.core.ApplicationContext.log Initializing Spring root WebApplicationContext
06-Nov-2023 13:07:33.786 INFO [main] org.apache.catalina.core.ApplicationContext.log Initializing Spring DispatcherServlet 'spring-mvc'
06-Nov-2023 13:07:52.842 SEVERE [http-nio-8080-exec-4] org.apache.catalina.core.StandardWrapperValve.invoke Servlet.service() for servlet [spring-mvc] in context with path [/ASM2] threw exception [Request processing failed; nested exception is org.hibernate.HibernateException: Could not obtain transaction-synchronized Session for current thread] with root cause
	org.hibernate.HibernateException: Could not obtain transaction-synchronized Session for current thread
		at org.springframework.orm.hibernate5.SpringSessionContext.currentSession(SpringSessionContext.java:142)
		at org.hibernate.internal.SessionFactoryImpl.getCurrentSession(SessionFactoryImpl.java:508)
		at com.dao.ApplyPostDAOImpl.isApplyPostExisted(ApplyPostDAOImpl.java:79)
		at com.service.UserServiceImpl.isApplyPostExisted(UserServiceImpl.java:336)
		at java.base/jdk.internal.reflect.NativeMethodAccessorImpl.invoke0(Native Method)
		at java.base/jdk.internal.reflect.NativeMethodAccessorImpl.invoke(NativeMethodAccessorImpl.java:77)
		at java.base/jdk.internal.reflect.DelegatingMethodAccessorImpl.invoke(DelegatingMethodAccessorImpl.java:43)
		at java.base/java.lang.reflect.Method.invoke(Method.java:568)
		at org.springframework.aop.support.AopUtils.invokeJoinpointUsingReflection(AopUtils.java:344)
		at org.springframework.aop.framework.JdkDynamicAopProxy.invoke(JdkDynamicAopProxy.java:234)
		at jdk.proxy3/jdk.proxy3.$Proxy68.isApplyPostExisted(Unknown Source)
		at com.controller.UserController.processApplyJob(UserController.java:422)
		at java.base/jdk.internal.reflect.NativeMethodAccessorImpl.invoke0(Native Method)
		at java.base/jdk.internal.reflect.NativeMethodAccessorImpl.invoke(NativeMethodAccessorImpl.java:77)
		at java.base/jdk.internal.reflect.DelegatingMethodAccessorImpl.invoke(DelegatingMethodAccessorImpl.java:43)
		at java.base/java.lang.reflect.Method.invoke(Method.java:568)
		at org.springframework.web.method.support.InvocableHandlerMethod.doInvoke(InvocableHandlerMethod.java:205)
		at org.springframework.web.method.support.InvocableHandlerMethod.invokeForRequest(InvocableHandlerMethod.java:150)
		at org.springframework.web.servlet.mvc.method.annotation.ServletInvocableHandlerMethod.invokeAndHandle(ServletInvocableHandlerMethod.java:117)
		at org.springframework.web.servlet.mvc.method.annotation.RequestMappingHandlerAdapter.invokeHandlerMethod(RequestMappingHandlerAdapter.java:895)
		at org.springframework.web.servlet.mvc.method.annotation.RequestMappingHandlerAdapter.handleInternal(RequestMappingHandlerAdapter.java:808)
		at org.springframework.web.servlet.mvc.method.AbstractHandlerMethodAdapter.handle(AbstractHandlerMethodAdapter.java:87)
		at org.springframework.web.servlet.DispatcherServlet.doDispatch(DispatcherServlet.java:1072)
		at org.springframework.web.servlet.DispatcherServlet.doService(DispatcherServlet.java:965)
		at org.springframework.web.servlet.FrameworkServlet.processRequest(FrameworkServlet.java:1006)
		at org.springframework.web.servlet.FrameworkServlet.doPost(FrameworkServlet.java:909)
		at javax.servlet.http.HttpServlet.service(HttpServlet.java:555)
		at org.springframework.web.servlet.FrameworkServlet.service(FrameworkServlet.java:883)
		at javax.servlet.http.HttpServlet.service(HttpServlet.java:623)
		at org.apache.catalina.core.ApplicationFilterChain.internalDoFilter(ApplicationFilterChain.java:209)
		at org.apache.catalina.core.ApplicationFilterChain.doFilter(ApplicationFilterChain.java:153)
		at org.springframework.web.filter.CharacterEncodingFilter.doFilterInternal(CharacterEncodingFilter.java:201)
		at org.springframework.web.filter.OncePerRequestFilter.doFilter(OncePerRequestFilter.java:117)
		at org.apache.catalina.core.ApplicationFilterChain.internalDoFilter(ApplicationFilterChain.java:178)
		at org.apache.catalina.core.ApplicationFilterChain.doFilter(ApplicationFilterChain.java:153)
		at org.apache.tomcat.websocket.server.WsFilter.doFilter(WsFilter.java:51)
		at org.apache.catalina.core.ApplicationFilterChain.internalDoFilter(ApplicationFilterChain.java:178)
		at org.apache.catalina.core.ApplicationFilterChain.doFilter(ApplicationFilterChain.java:153)
		at org.apache.catalina.core.StandardWrapperValve.invoke(StandardWrapperValve.java:167)
		at org.apache.catalina.core.StandardContextValve.invoke(StandardContextValve.java:90)
		at org.apache.catalina.authenticator.AuthenticatorBase.invoke(AuthenticatorBase.java:481)
		at org.apache.catalina.core.StandardHostValve.invoke(StandardHostValve.java:130)
		at org.apache.catalina.valves.ErrorReportValve.invoke(ErrorReportValve.java:93)
		at org.apache.catalina.valves.AbstractAccessLogValve.invoke(AbstractAccessLogValve.java:673)
		at org.apache.catalina.core.StandardEngineValve.invoke(StandardEngineValve.java:74)
		at org.apache.catalina.connector.CoyoteAdapter.service(CoyoteAdapter.java:343)
		at org.apache.coyote.http11.Http11Processor.service(Http11Processor.java:390)
		at org.apache.coyote.AbstractProcessorLight.process(AbstractProcessorLight.java:63)
		at org.apache.coyote.AbstractProtocol$ConnectionHandler.process(AbstractProtocol.java:926)
		at org.apache.tomcat.util.net.NioEndpoint$SocketProcessor.doRun(NioEndpoint.java:1790)
		at org.apache.tomcat.util.net.SocketProcessorBase.run(SocketProcessorBase.java:52)
		at org.apache.tomcat.util.threads.ThreadPoolExecutor.runWorker(ThreadPoolExecutor.java:1191)
		at org.apache.tomcat.util.threads.ThreadPoolExecutor$Worker.run(ThreadPoolExecutor.java:659)
		at org.apache.tomcat.util.threads.TaskThread$WrappingRunnable.run(TaskThread.java:61)
		at java.base/java.lang.Thread.run(Thread.java:833)
06-Nov-2023 13:07:56.345 INFO [Thread-5] org.apache.catalina.core.ApplicationContext.log Destroying Spring FrameworkServlet 'spring-mvc'
06-Nov-2023 13:07:56.346 INFO [Thread-5] org.apache.catalina.core.ApplicationContext.log Closing Spring root WebApplicationContext
06-Nov-2023 13:08:39.370 INFO [main] org.apache.catalina.core.ApplicationContext.log 1 Spring WebApplicationInitializers detected on classpath
06-Nov-2023 13:08:39.407 INFO [main] org.apache.catalina.core.ApplicationContext.log Initializing Spring root WebApplicationContext
06-Nov-2023 13:08:42.027 INFO [main] org.apache.catalina.core.ApplicationContext.log Initializing Spring DispatcherServlet 'spring-mvc'
06-Nov-2023 13:10:56.211 INFO [Thread-5] org.apache.catalina.core.ApplicationContext.log Destroying Spring FrameworkServlet 'spring-mvc'
06-Nov-2023 13:10:56.213 INFO [Thread-5] org.apache.catalina.core.ApplicationContext.log Closing Spring root WebApplicationContext
06-Nov-2023 21:18:00.166 INFO [main] org.apache.catalina.core.ApplicationContext.log 1 Spring WebApplicationInitializers detected on classpath
06-Nov-2023 21:18:00.203 INFO [main] org.apache.catalina.core.ApplicationContext.log Initializing Spring root WebApplicationContext
06-Nov-2023 21:18:03.055 INFO [main] org.apache.catalina.core.ApplicationContext.log Initializing Spring DispatcherServlet 'spring-mvc'
06-Nov-2023 21:18:46.684 INFO [Thread-5] org.apache.catalina.core.ApplicationContext.log Destroying Spring FrameworkServlet 'spring-mvc'
06-Nov-2023 21:18:46.687 INFO [Thread-5] org.apache.catalina.core.ApplicationContext.log Closing Spring root WebApplicationContext
06-Nov-2023 21:21:04.653 INFO [main] org.apache.catalina.core.ApplicationContext.log 1 Spring WebApplicationInitializers detected on classpath
06-Nov-2023 21:21:04.690 INFO [main] org.apache.catalina.core.ApplicationContext.log Initializing Spring root WebApplicationContext
06-Nov-2023 21:21:07.425 INFO [main] org.apache.catalina.core.ApplicationContext.log Initializing Spring DispatcherServlet 'spring-mvc'
06-Nov-2023 21:22:15.675 INFO [Thread-5] org.apache.catalina.core.ApplicationContext.log Destroying Spring FrameworkServlet 'spring-mvc'
06-Nov-2023 21:22:15.676 INFO [Thread-5] org.apache.catalina.core.ApplicationContext.log Closing Spring root WebApplicationContext
06-Nov-2023 21:23:38.987 INFO [main] org.apache.catalina.core.ApplicationContext.log 1 Spring WebApplicationInitializers detected on classpath
06-Nov-2023 21:23:39.025 INFO [main] org.apache.catalina.core.ApplicationContext.log Initializing Spring root WebApplicationContext
06-Nov-2023 21:23:41.647 INFO [main] org.apache.catalina.core.ApplicationContext.log Initializing Spring DispatcherServlet 'spring-mvc'
06-Nov-2023 21:26:49.139 INFO [Thread-5] org.apache.catalina.core.ApplicationContext.log Destroying Spring FrameworkServlet 'spring-mvc'
06-Nov-2023 21:26:49.141 INFO [Thread-5] org.apache.catalina.core.ApplicationContext.log Closing Spring root WebApplicationContext
06-Nov-2023 21:34:21.795 INFO [main] org.apache.catalina.core.ApplicationContext.log 1 Spring WebApplicationInitializers detected on classpath
06-Nov-2023 21:34:21.833 INFO [main] org.apache.catalina.core.ApplicationContext.log Initializing Spring root WebApplicationContext
06-Nov-2023 21:34:24.666 INFO [main] org.apache.catalina.core.ApplicationContext.log Initializing Spring DispatcherServlet 'spring-mvc'
06-Nov-2023 21:35:10.250 INFO [Thread-5] org.apache.catalina.core.ApplicationContext.log Destroying Spring FrameworkServlet 'spring-mvc'
06-Nov-2023 21:35:10.252 INFO [Thread-5] org.apache.catalina.core.ApplicationContext.log Closing Spring root WebApplicationContext
06-Nov-2023 21:51:56.847 INFO [main] org.apache.catalina.core.ApplicationContext.log 1 Spring WebApplicationInitializers detected on classpath
06-Nov-2023 21:51:56.883 INFO [main] org.apache.catalina.core.ApplicationContext.log Initializing Spring root WebApplicationContext
06-Nov-2023 21:51:59.588 INFO [main] org.apache.catalina.core.ApplicationContext.log Initializing Spring DispatcherServlet 'spring-mvc'
06-Nov-2023 21:52:26.465 INFO [Thread-5] org.apache.catalina.core.ApplicationContext.log Destroying Spring FrameworkServlet 'spring-mvc'
06-Nov-2023 21:52:26.466 INFO [Thread-5] org.apache.catalina.core.ApplicationContext.log Closing Spring root WebApplicationContext
06-Nov-2023 22:16:03.027 INFO [main] org.apache.catalina.core.ApplicationContext.log 1 Spring WebApplicationInitializers detected on classpath
06-Nov-2023 22:16:03.069 INFO [main] org.apache.catalina.core.ApplicationContext.log Initializing Spring root WebApplicationContext
06-Nov-2023 22:16:05.686 INFO [main] org.apache.catalina.core.ApplicationContext.log Initializing Spring DispatcherServlet 'spring-mvc'
06-Nov-2023 22:17:50.916 INFO [Thread-5] org.apache.catalina.core.ApplicationContext.log Destroying Spring FrameworkServlet 'spring-mvc'
06-Nov-2023 22:17:50.918 INFO [Thread-5] org.apache.catalina.core.ApplicationContext.log Closing Spring root WebApplicationContext
06-Nov-2023 22:24:43.006 INFO [main] org.apache.catalina.core.ApplicationContext.log 1 Spring WebApplicationInitializers detected on classpath
06-Nov-2023 22:24:43.045 INFO [main] org.apache.catalina.core.ApplicationContext.log Initializing Spring root WebApplicationContext
06-Nov-2023 22:24:45.681 INFO [main] org.apache.catalina.core.ApplicationContext.log Initializing Spring DispatcherServlet 'spring-mvc'
06-Nov-2023 22:25:32.736 INFO [Thread-5] org.apache.catalina.core.ApplicationContext.log Destroying Spring FrameworkServlet 'spring-mvc'
06-Nov-2023 22:25:32.738 INFO [Thread-5] org.apache.catalina.core.ApplicationContext.log Closing Spring root WebApplicationContext
06-Nov-2023 22:50:19.430 INFO [main] org.apache.catalina.core.ApplicationContext.log 1 Spring WebApplicationInitializers detected on classpath
06-Nov-2023 22:50:19.469 INFO [main] org.apache.catalina.core.ApplicationContext.log Initializing Spring root WebApplicationContext
06-Nov-2023 22:50:22.185 INFO [main] org.apache.catalina.core.ApplicationContext.log Initializing Spring DispatcherServlet 'spring-mvc'
06-Nov-2023 22:50:50.697 INFO [Thread-5] org.apache.catalina.core.ApplicationContext.log Destroying Spring FrameworkServlet 'spring-mvc'
06-Nov-2023 22:50:50.698 INFO [Thread-5] org.apache.catalina.core.ApplicationContext.log Closing Spring root WebApplicationContext
06-Nov-2023 23:10:39.727 INFO [main] org.apache.catalina.core.ApplicationContext.log 1 Spring WebApplicationInitializers detected on classpath
06-Nov-2023 23:10:39.765 INFO [main] org.apache.catalina.core.ApplicationContext.log Initializing Spring root WebApplicationContext
06-Nov-2023 23:10:42.451 INFO [main] org.apache.catalina.core.ApplicationContext.log Initializing Spring DispatcherServlet 'spring-mvc'
06-Nov-2023 23:11:11.383 INFO [Thread-5] org.apache.catalina.core.ApplicationContext.log Destroying Spring FrameworkServlet 'spring-mvc'
06-Nov-2023 23:11:11.385 INFO [Thread-5] org.apache.catalina.core.ApplicationContext.log Closing Spring root WebApplicationContext
06-Nov-2023 23:12:50.646 INFO [main] org.apache.catalina.core.ApplicationContext.log 1 Spring WebApplicationInitializers detected on classpath
06-Nov-2023 23:12:50.685 INFO [main] org.apache.catalina.core.ApplicationContext.log Initializing Spring root WebApplicationContext
06-Nov-2023 23:12:53.379 INFO [main] org.apache.catalina.core.ApplicationContext.log Initializing Spring DispatcherServlet 'spring-mvc'
06-Nov-2023 23:13:39.471 INFO [Thread-5] org.apache.catalina.core.ApplicationContext.log Destroying Spring FrameworkServlet 'spring-mvc'
06-Nov-2023 23:13:39.473 INFO [Thread-5] org.apache.catalina.core.ApplicationContext.log Closing Spring root WebApplicationContext
06-Nov-2023 23:34:43.707 INFO [main] org.apache.catalina.core.ApplicationContext.log 1 Spring WebApplicationInitializers detected on classpath
06-Nov-2023 23:34:43.744 INFO [main] org.apache.catalina.core.ApplicationContext.log Initializing Spring root WebApplicationContext
06-Nov-2023 23:34:46.406 INFO [main] org.apache.catalina.core.ApplicationContext.log Initializing Spring DispatcherServlet 'spring-mvc'
06-Nov-2023 23:35:25.110 INFO [Thread-5] org.apache.catalina.core.ApplicationContext.log Destroying Spring FrameworkServlet 'spring-mvc'
06-Nov-2023 23:35:25.112 INFO [Thread-5] org.apache.catalina.core.ApplicationContext.log Closing Spring root WebApplicationContext
06-Nov-2023 23:36:18.895 INFO [main] org.apache.catalina.core.ApplicationContext.log 1 Spring WebApplicationInitializers detected on classpath
06-Nov-2023 23:36:18.932 INFO [main] org.apache.catalina.core.ApplicationContext.log Initializing Spring root WebApplicationContext
06-Nov-2023 23:36:21.607 INFO [main] org.apache.catalina.core.ApplicationContext.log Initializing Spring DispatcherServlet 'spring-mvc'
06-Nov-2023 23:37:03.578 INFO [Thread-5] org.apache.catalina.core.ApplicationContext.log Destroying Spring FrameworkServlet 'spring-mvc'
06-Nov-2023 23:37:03.579 INFO [Thread-5] org.apache.catalina.core.ApplicationContext.log Closing Spring root WebApplicationContext
06-Nov-2023 23:37:39.022 INFO [main] org.apache.catalina.core.ApplicationContext.log 1 Spring WebApplicationInitializers detected on classpath
06-Nov-2023 23:37:39.058 INFO [main] org.apache.catalina.core.ApplicationContext.log Initializing Spring root WebApplicationContext
06-Nov-2023 23:37:41.739 INFO [main] org.apache.catalina.core.ApplicationContext.log Initializing Spring DispatcherServlet 'spring-mvc'
06-Nov-2023 23:38:00.654 INFO [Thread-5] org.apache.catalina.core.ApplicationContext.log Destroying Spring FrameworkServlet 'spring-mvc'
06-Nov-2023 23:38:00.655 INFO [Thread-5] org.apache.catalina.core.ApplicationContext.log Closing Spring root WebApplicationContext
06-Nov-2023 23:41:01.354 INFO [main] org.apache.catalina.core.ApplicationContext.log 1 Spring WebApplicationInitializers detected on classpath
06-Nov-2023 23:41:01.390 INFO [main] org.apache.catalina.core.ApplicationContext.log Initializing Spring root WebApplicationContext
06-Nov-2023 23:41:04.092 INFO [main] org.apache.catalina.core.ApplicationContext.log Initializing Spring DispatcherServlet 'spring-mvc'
06-Nov-2023 23:41:40.751 INFO [Thread-5] org.apache.catalina.core.ApplicationContext.log Destroying Spring FrameworkServlet 'spring-mvc'
06-Nov-2023 23:41:40.753 INFO [Thread-5] org.apache.catalina.core.ApplicationContext.log Closing Spring root WebApplicationContext
06-Nov-2023 23:45:25.221 INFO [main] org.apache.catalina.core.ApplicationContext.log 1 Spring WebApplicationInitializers detected on classpath
06-Nov-2023 23:45:25.258 INFO [main] org.apache.catalina.core.ApplicationContext.log Initializing Spring root WebApplicationContext
06-Nov-2023 23:45:27.915 INFO [main] org.apache.catalina.core.ApplicationContext.log Initializing Spring DispatcherServlet 'spring-mvc'
06-Nov-2023 23:46:00.495 INFO [Thread-5] org.apache.catalina.core.ApplicationContext.log Destroying Spring FrameworkServlet 'spring-mvc'
06-Nov-2023 23:46:00.496 INFO [Thread-5] org.apache.catalina.core.ApplicationContext.log Closing Spring root WebApplicationContext
