15-Nov-2023 21:23:22.687 INFO [main] org.apache.catalina.core.ApplicationContext.log 1 Spring WebApplicationInitializers detected on classpath
15-Nov-2023 21:23:22.726 INFO [main] org.apache.catalina.core.ApplicationContext.log Initializing Spring root WebApplicationContext
15-Nov-2023 21:23:25.350 INFO [main] org.apache.catalina.core.ApplicationContext.log Initializing Spring DispatcherServlet 'spring-mvc'
15-Nov-2023 21:25:58.041 INFO [Thread-5] org.apache.catalina.core.ApplicationContext.log Destroying Spring FrameworkServlet 'spring-mvc'
15-Nov-2023 21:25:58.042 INFO [Thread-5] org.apache.catalina.core.ApplicationContext.log Closing Spring root WebApplicationContext
15-Nov-2023 22:57:08.098 INFO [main] org.apache.catalina.core.ApplicationContext.log 1 Spring WebApplicationInitializers detected on classpath
15-Nov-2023 22:57:08.140 INFO [main] org.apache.catalina.core.ApplicationContext.log Initializing Spring root WebApplicationContext
15-Nov-2023 22:57:10.788 INFO [main] org.apache.catalina.core.ApplicationContext.log Initializing Spring DispatcherServlet 'spring-mvc'
15-Nov-2023 22:59:06.889 INFO [Thread-5] org.apache.catalina.core.ApplicationContext.log Destroying Spring FrameworkServlet 'spring-mvc'
15-Nov-2023 22:59:06.890 INFO [Thread-5] org.apache.catalina.core.ApplicationContext.log Closing Spring root WebApplicationContext
15-Nov-2023 23:01:04.809 INFO [main] org.apache.catalina.core.ApplicationContext.log 1 Spring WebApplicationInitializers detected on classpath
15-Nov-2023 23:01:04.852 INFO [main] org.apache.catalina.core.ApplicationContext.log Initializing Spring root WebApplicationContext
15-Nov-2023 23:01:07.825 INFO [main] org.apache.catalina.core.ApplicationContext.log Initializing Spring DispatcherServlet 'spring-mvc'
15-Nov-2023 23:06:54.018 INFO [Thread-5] org.apache.catalina.core.ApplicationContext.log Destroying Spring FrameworkServlet 'spring-mvc'
15-Nov-2023 23:06:54.020 INFO [Thread-5] org.apache.catalina.core.ApplicationContext.log Closing Spring root WebApplicationContext
15-Nov-2023 23:08:17.451 INFO [main] org.apache.catalina.core.ApplicationContext.log 1 Spring WebApplicationInitializers detected on classpath
15-Nov-2023 23:08:17.490 INFO [main] org.apache.catalina.core.ApplicationContext.log Initializing Spring root WebApplicationContext
15-Nov-2023 23:08:20.432 INFO [main] org.apache.catalina.core.ApplicationContext.log Initializing Spring DispatcherServlet 'spring-mvc'
15-Nov-2023 23:09:21.167 INFO [Thread-5] org.apache.catalina.core.ApplicationContext.log Destroying Spring FrameworkServlet 'spring-mvc'
15-Nov-2023 23:09:21.169 INFO [Thread-5] org.apache.catalina.core.ApplicationContext.log Closing Spring root WebApplicationContext
15-Nov-2023 23:09:41.354 INFO [main] org.apache.catalina.core.ApplicationContext.log 1 Spring WebApplicationInitializers detected on classpath
15-Nov-2023 23:09:41.393 INFO [main] org.apache.catalina.core.ApplicationContext.log Initializing Spring root WebApplicationContext
15-Nov-2023 23:09:44.272 INFO [main] org.apache.catalina.core.ApplicationContext.log Initializing Spring DispatcherServlet 'spring-mvc'
15-Nov-2023 23:10:24.712 INFO [Thread-5] org.apache.catalina.core.ApplicationContext.log Destroying Spring FrameworkServlet 'spring-mvc'
15-Nov-2023 23:10:24.714 INFO [Thread-5] org.apache.catalina.core.ApplicationContext.log Closing Spring root WebApplicationContext
